[INFO ] 2021-04-02 17:03:13.735 [restartedMain] PantryoncommandApplication - Starting PantryoncommandApplication using Java 15 on Diogos-MacBook-Pro.local with PID 5170 (/Users/diogo1080/workplace/project/pantryoncommand/target/classes started by diogo1080 in /Users/diogo1080/workplace/project/pantryoncommand)
[INFO ] 2021-04-02 17:03:13.738 [restartedMain] PantryoncommandApplication - No active profile set, falling back to default profiles: default
[INFO ] 2021-04-02 17:12:45.514 [restartedMain] PantryoncommandApplication - Starting PantryoncommandApplication using Java 15 on Diogos-MacBook-Pro.local with PID 5304 (/Users/diogo1080/workplace/project/pantryoncommand/target/classes started by diogo1080 in /Users/diogo1080/workplace/project/pantryoncommand)
[INFO ] 2021-04-02 17:12:45.518 [restartedMain] PantryoncommandApplication - No active profile set, falling back to default profiles: default
[INFO ] 2021-04-02 17:13:01.459 [restartedMain] PantryoncommandApplication - Starting PantryoncommandApplication using Java 15 on Diogos-MacBook-Pro.local with PID 5309 (/Users/diogo1080/workplace/project/pantryoncommand/target/classes started by diogo1080 in /Users/diogo1080/workplace/project/pantryoncommand)
[INFO ] 2021-04-02 17:13:01.463 [restartedMain] PantryoncommandApplication - No active profile set, falling back to default profiles: default
[INFO ] 2021-04-02 17:14:32.857 [restartedMain] PantryoncommandApplication - Starting PantryoncommandApplication using Java 15 on Diogos-MacBook-Pro.local with PID 5334 (/Users/diogo1080/workplace/project/pantryoncommand/target/classes started by diogo1080 in /Users/diogo1080/workplace/project/pantryoncommand)
[INFO ] 2021-04-02 17:14:32.861 [restartedMain] PantryoncommandApplication - No active profile set, falling back to default profiles: default
[INFO ] 2021-04-02 17:16:11.018 [restartedMain] PantryoncommandApplication - Starting PantryoncommandApplication using Java 15 on Diogos-MacBook-Pro.local with PID 5387 (/Users/diogo1080/workplace/project/pantryoncommand/target/classes started by diogo1080 in /Users/diogo1080/workplace/project/pantryoncommand)
[INFO ] 2021-04-02 17:16:11.022 [restartedMain] PantryoncommandApplication - No active profile set, falling back to default profiles: default
[INFO ] 2021-04-02 17:17:27.123 [restartedMain] PantryoncommandApplication - Starting PantryoncommandApplication using Java 15 on Diogos-MacBook-Pro.local with PID 5390 (/Users/diogo1080/workplace/project/pantryoncommand/target/classes started by diogo1080 in /Users/diogo1080/workplace/project/pantryoncommand)
[INFO ] 2021-04-02 17:17:27.127 [restartedMain] PantryoncommandApplication - No active profile set, falling back to default profiles: default
[INFO ] 2021-04-02 17:20:49.574 [restartedMain] PantryoncommandApplication - Starting PantryoncommandApplication using Java 15 on Diogos-MacBook-Pro.local with PID 5402 (/Users/diogo1080/workplace/project/pantryoncommand/target/classes started by diogo1080 in /Users/diogo1080/workplace/project/pantryoncommand)
[INFO ] 2021-04-02 17:20:49.577 [restartedMain] PantryoncommandApplication - No active profile set, falling back to default profiles: default
[INFO ] 2021-04-02 17:21:39.462 [restartedMain] PantryoncommandApplication - Starting PantryoncommandApplication using Java 15 on Diogos-MacBook-Pro.local with PID 5414 (/Users/diogo1080/workplace/project/pantryoncommand/target/classes started by diogo1080 in /Users/diogo1080/workplace/project/pantryoncommand)
[INFO ] 2021-04-02 17:21:39.466 [restartedMain] PantryoncommandApplication - No active profile set, falling back to default profiles: default
[INFO ] 2021-04-02 17:25:33.396 [restartedMain] PantryoncommandApplication - Starting PantryoncommandApplication using Java 15 on Diogos-MacBook-Pro.local with PID 5476 (/Users/diogo1080/workplace/project/pantryoncommand/target/classes started by diogo1080 in /Users/diogo1080/workplace/project/pantryoncommand)
[INFO ] 2021-04-02 17:25:33.401 [restartedMain] PantryoncommandApplication - No active profile set, falling back to default profiles: default
[INFO ] 2021-04-02 17:26:21.986 [restartedMain] PantryoncommandApplication - Starting PantryoncommandApplication using Java 15 on Diogos-MacBook-Pro.local with PID 5485 (/Users/diogo1080/workplace/project/pantryoncommand/target/classes started by diogo1080 in /Users/diogo1080/workplace/project/pantryoncommand)
[INFO ] 2021-04-02 17:26:21.990 [restartedMain] PantryoncommandApplication - No active profile set, falling back to default profiles: default
[INFO ] 2021-04-02 17:26:46.570 [restartedMain] PantryoncommandApplication - Starting PantryoncommandApplication using Java 15 on Diogos-MacBook-Pro.local with PID 5491 (/Users/diogo1080/workplace/project/pantryoncommand/target/classes started by diogo1080 in /Users/diogo1080/workplace/project/pantryoncommand)
[INFO ] 2021-04-02 17:26:46.575 [restartedMain] PantryoncommandApplication - No active profile set, falling back to default profiles: default
[INFO ] 2021-04-02 17:28:40.343 [restartedMain] PantryoncommandApplication - Starting PantryoncommandApplication using Java 15 on Diogos-MacBook-Pro.local with PID 5495 (/Users/diogo1080/workplace/project/pantryoncommand/target/classes started by diogo1080 in /Users/diogo1080/workplace/project/pantryoncommand)
[INFO ] 2021-04-02 17:28:40.346 [restartedMain] PantryoncommandApplication - No active profile set, falling back to default profiles: default
[INFO ] 2021-04-02 17:28:53.306 [restartedMain] PantryoncommandApplication - Starting PantryoncommandApplication using Java 15 on Diogos-MacBook-Pro.local with PID 5500 (/Users/diogo1080/workplace/project/pantryoncommand/target/classes started by diogo1080 in /Users/diogo1080/workplace/project/pantryoncommand)
[INFO ] 2021-04-02 17:28:53.310 [restartedMain] PantryoncommandApplication - No active profile set, falling back to default profiles: default
[INFO ] 2021-04-02 17:31:04.031 [restartedMain] PantryoncommandApplication - Starting PantryoncommandApplication using Java 15 on Diogos-MacBook-Pro.local with PID 5514 (/Users/diogo1080/workplace/project/pantryoncommand/target/classes started by diogo1080 in /Users/diogo1080/workplace/project/pantryoncommand)
[INFO ] 2021-04-02 17:31:04.035 [restartedMain] PantryoncommandApplication - No active profile set, falling back to default profiles: default
[INFO ] 2021-04-02 17:32:17.645 [restartedMain] PantryoncommandApplication - Starting PantryoncommandApplication using Java 15 on Diogos-MacBook-Pro.local with PID 5519 (/Users/diogo1080/workplace/project/pantryoncommand/target/classes started by diogo1080 in /Users/diogo1080/workplace/project/pantryoncommand)
[INFO ] 2021-04-02 17:32:17.649 [restartedMain] PantryoncommandApplication - No active profile set, falling back to default profiles: default
[INFO ] 2021-04-02 17:32:20.692 [restartedMain] PantryoncommandApplication - Started PantryoncommandApplication in 3.32 seconds (JVM running for 9.046)
[INFO ] 2021-04-05 14:11:41.197 [restartedMain] PantryoncommandApplication - Starting PantryoncommandApplication using Java 15 on Diogos-MacBook-Pro.local with PID 17971 (/Users/diogo1080/workplace/project/pantryoncommand/target/classes started by diogo1080 in /Users/diogo1080/workplace/project/pantryoncommand)
[INFO ] 2021-04-05 14:11:41.202 [restartedMain] PantryoncommandApplication - No active profile set, falling back to default profiles: default
[INFO ] 2021-04-05 14:11:45.550 [restartedMain] PantryoncommandApplication - Started PantryoncommandApplication in 4.726 seconds (JVM running for 10.678)
[INFO ] 2021-04-05 14:13:02.791 [http-nio-8080-exec-2] UserController - Request to get user list with page and size - 1 2
[INFO ] 2021-04-05 14:13:02.942 [http-nio-8080-exec-2] UserController - Retrieving List of users with info - Paginated(results=[], elementsCurrentPage=0, currentPage=1, numberOfPages=0, totalElements=0)
[INFO ] 2021-04-05 14:14:15.481 [http-nio-8080-exec-9] UserController - Request to create user - CreateUserDto{firstName='Diogo', email='213@213.com', password='***''} and role USER.
[INFO ] 2021-04-05 14:14:15.522 [http-nio-8080-exec-9] UserController - Retrieving created user UserDetailsDto(id=1, userName=Diogo, email=213@213.com)
[INFO ] 2021-04-05 14:15:06.369 [restartedMain] PantryoncommandApplication - Starting PantryoncommandApplication using Java 15 on Diogos-MacBook-Pro.local with PID 18066 (/Users/diogo1080/workplace/project/pantryoncommand/target/classes started by diogo1080 in /Users/diogo1080/workplace/project/pantryoncommand)
[INFO ] 2021-04-05 14:15:06.374 [restartedMain] PantryoncommandApplication - No active profile set, falling back to default profiles: default
[INFO ] 2021-04-05 14:15:09.551 [restartedMain] PantryoncommandApplication - Started PantryoncommandApplication in 3.469 seconds (JVM running for 9.232)
[INFO ] 2021-04-05 14:15:14.359 [http-nio-8080-exec-2] UserController - Request to create user - CreateUserDto{firstName='Diogo', email='213@213.com', password='***''} and role USER.
[INFO ] 2021-04-05 14:15:14.416 [http-nio-8080-exec-2] UserController - Retrieving created user UserDetailsDto(id=1, userName=Diogo, email=213@213.com)
[INFO ] 2021-04-05 14:15:18.118 [http-nio-8080-exec-3] UserController - Request to get user list with page and size - 1 2
[INFO ] 2021-04-05 14:15:18.243 [http-nio-8080-exec-3] UserController - Retrieving List of users with info - Paginated(results=[], elementsCurrentPage=0, currentPage=1, numberOfPages=1, totalElements=1)
[INFO ] 2021-04-05 14:15:35.915 [http-nio-8080-exec-4] UserController - Request to get user list with page and size - 1 2
[INFO ] 2021-04-05 14:15:35.922 [http-nio-8080-exec-4] UserController - Retrieving List of users with info - Paginated(results=[], elementsCurrentPage=0, currentPage=1, numberOfPages=1, totalElements=1)
[INFO ] 2021-04-05 14:15:53.756 [http-nio-8080-exec-5] UserController - Request to get user of id - 1
[INFO ] 2021-04-05 14:15:53.772 [http-nio-8080-exec-5] UserController - Retrieving user with info - UserDetailsDto(id=1, userName=Diogo, email=213@213.com)
[INFO ] 2021-04-05 14:16:01.190 [http-nio-8080-exec-6] UserController - Request to get user list with page and size - 0 2
[INFO ] 2021-04-05 14:16:01.194 [http-nio-8080-exec-6] UserController - Retrieving List of users with info - Paginated(results=[UserDetailsDto(id=1, userName=Diogo, email=213@213.com)], elementsCurrentPage=1, currentPage=0, numberOfPages=1, totalElements=1)
[INFO ] 2021-04-05 14:17:35.591 [http-nio-8080-exec-9] UserController - Request to update user of id - 1 - with info - UpdateUserDto(userName=Diogo, email=123@123.com)
[INFO ] 2021-04-05 14:17:35.606 [http-nio-8080-exec-9] UserController - Retrieving updated of user with info - UserDetailsDto(id=1, userName=Diogo, email=123@123.com)
[INFO ] 2021-04-05 14:17:53.948 [http-nio-8080-exec-10] UserController - Request to get user of id - 1
[INFO ] 2021-04-05 14:17:53.954 [http-nio-8080-exec-10] UserController - Retrieving user with info - UserDetailsDto(id=1, userName=Diogo, email=123@123.com)
[INFO ] 2021-04-05 14:17:56.739 [http-nio-8080-exec-1] UserController - Request to get user list with page and size - 0 2
[INFO ] 2021-04-05 14:17:56.744 [http-nio-8080-exec-1] UserController - Retrieving List of users with info - Paginated(results=[UserDetailsDto(id=1, userName=Diogo, email=123@123.com)], elementsCurrentPage=1, currentPage=0, numberOfPages=1, totalElements=1)
[INFO ] 2021-04-05 14:17:59.406 [http-nio-8080-exec-2] UserController - Request to delete user of id - 1
[INFO ] 2021-04-05 14:17:59.422 [http-nio-8080-exec-2] UserController - Responding if delete was successful or not
[INFO ] 2021-04-05 14:18:01.825 [http-nio-8080-exec-3] UserController - Request to get user of id - 1
[ERROR] 2021-04-05 14:18:01.831 [http-nio-8080-exec-3] UserServiceImp - Can't find any user with the given id
